0 verbose cli D:\node.exe D:\node_modules\npm\bin\npm-cli.js
1 info using npm@10.2.3
2 info using node@v18.19.0
3 timing npm:load:whichnode Completed in 3ms
4 timing config:load:defaults Completed in 5ms
5 timing config:load:file:D:\node_modules\npm\npmrc Completed in 2ms
6 timing config:load:builtin Completed in 2ms
7 timing config:load:cli Completed in 3ms
8 timing config:load:env Completed in 1ms
9 timing config:load:file:C:\Users\lasrorder\AppData\Local\Microsoft\TypeScript\5.7\.npmrc Completed in 1ms
10 timing config:load:project Completed in 3ms
11 timing config:load:file:C:\Users\lasrorder\.npmrc Completed in 1ms
12 timing config:load:user Completed in 1ms
13 timing config:load:file:D:\cursor_code\box\vue-project\npm-global\etc\npmrc Completed in 0ms
14 timing config:load:global Completed in 0ms
15 timing config:load:setEnvs Completed in 1ms
16 timing config:load Completed in 16ms
17 timing npm:load:configload Completed in 16ms
18 timing config:load:flatten Completed in 4ms
19 timing npm:load:mkdirpcache Completed in 0ms
20 timing npm:load:mkdirplogs Completed in 0ms
21 verbose title npm install types-registry@latest
22 verbose argv "install" "--ignore-scripts" "types-registry@latest"
23 timing npm:load:setTitle Completed in 1ms
24 timing npm:load:display Completed in 0ms
25 verbose logfile logs-max:10 dir:D:\cursor_code\lxp\d1\npm-cache\_logs\2025-02-22T04_11_15_695Z-
26 verbose logfile D:\cursor_code\lxp\d1\npm-cache\_logs\2025-02-22T04_11_15_695Z-debug-0.log
27 timing npm:load:logFile Completed in 9ms
28 timing npm:load:timers Completed in 0ms
29 timing npm:load:configScope Completed in 0ms
30 timing npm:load Completed in 61ms
31 timing arborist:ctor Completed in 0ms
32 silly logfile done cleaning log files
33 timing idealTree:init Completed in 21ms
34 timing arborist:ctor Completed in 0ms
35 http fetch GET 200 https://registry.npmmirror.com/types-registry 619ms (cache miss)
36 timing idealTree:userRequests Completed in 623ms
37 silly idealTree buildDeps
38 silly fetch manifest types-registry@0.1.708
39 silly placeDep ROOT types-registry@0.1.708 REPLACE for:  want: 0.1.708
40 timing idealTree:#root Completed in 5ms
41 timing idealTree:node_modules/types-registry Completed in 0ms
42 timing idealTree:buildDeps Completed in 7ms
43 timing idealTree:fixDepFlags Completed in 0ms
44 timing idealTree Completed in 651ms
45 timing reify:loadTrees Completed in 652ms
46 timing reify:diffTrees Completed in 1ms
47 silly reify moves {}
48 timing reify:retireShallow Completed in 0ms
49 timing reify:createSparse Completed in 0ms
50 timing reify:loadBundles Completed in 0ms
51 silly audit bulk request {
51 silly audit   '@types/bcrypt': [ '5.0.2' ],
51 silly audit   '@types/body-parser': [ '1.19.5' ],
51 silly audit   '@types/connect': [ '3.4.38' ],
51 silly audit   '@types/cors': [ '2.8.17' ],
51 silly audit   '@types/express': [ '5.0.0' ],
51 silly audit   '@types/express-serve-static-core': [ '5.0.6' ],
51 silly audit   '@types/http-errors': [ '2.0.4' ],
51 silly audit   '@types/jsonwebtoken': [ '9.0.8' ],
51 silly audit   '@types/less': [ '3.0.8' ],
51 silly audit   '@types/lodash': [ '4.17.15' ],
51 silly audit   '@types/merge-descriptors': [ '1.0.3' ],
51 silly audit   '@types/mime': [ '1.3.5' ],
51 silly audit   '@types/ms': [ '2.1.0' ],
51 silly audit   '@types/multer': [ '1.4.12' ],
51 silly audit   '@types/node': [ '22.13.1' ],
51 silly audit   '@types/nodemon': [ '1.19.6' ],
51 silly audit   '@types/nopt': [ '3.0.32' ],
51 silly audit   '@types/npmlog': [ '7.0.0' ],
51 silly audit   '@types/object-assign': [ '4.0.33' ],
51 silly audit   '@types/pdfkit': [ '0.13.8' ],
51 silly audit   '@types/qs': [ '6.9.18' ],
51 silly audit   '@types/range-parser': [ '1.2.7' ],
51 silly audit   '@types/send': [ '0.17.4' ],
51 silly audit   '@types/serve-static': [ '1.15.7' ],
51 silly audit   '@types/stylus': [ '0.48.43' ],
51 silly audit   '@types/vary': [ '1.1.3' ],
51 silly audit   'undici-types': [ '6.20.0' ],
51 silly audit   'types-registry': [ '0.1.708' ]
51 silly audit }
52 timing reify:unpack Completed in 1ms
53 timing reify:unretire Completed in 0ms
54 timing build:queue Completed in 0ms
55 timing build:deps Completed in 0ms
56 timing build Completed in 0ms
57 timing reify:build Completed in 0ms
58 timing reify:trash Completed in 0ms
59 timing reify:save Completed in 15ms
60 http fetch POST 404 https://registry.npmmirror.com/-/npm/v1/security/advisories/bulk 60ms
61 silly audit bulk request failed [object Object]
62 http fetch POST 404 https://registry.npmmirror.com/-/npm/v1/security/audits/quick 36ms
63 verbose audit error HttpErrorGeneral: 404 Not Found - POST https://registry.npmmirror.com/-/npm/v1/security/audits/quick - [NOT_IMPLEMENTED] /-/npm/v1/security/* not implemented yet
63 verbose audit error     at D:\node_modules\npm\node_modules\npm-registry-fetch\lib\check-response.js:95:15
63 verbose audit error     at process.processTicksAndRejections (node:internal/process/task_queues:95:5)
63 verbose audit error     at async [getReport] (D:\node_modules\npm\node_modules\@npmcli\arborist\lib\audit-report.js:335:21)
63 verbose audit error     at async AuditReport.run (D:\node_modules\npm\node_modules\@npmcli\arborist\lib\audit-report.js:106:19)
63 verbose audit error     at async Arborist.reify (D:\node_modules\npm\node_modules\@npmcli\arborist\lib\arborist\reify.js:179:24)
63 verbose audit error     at async Install.exec (D:\node_modules\npm\lib\commands\install.js:152:5)
63 verbose audit error     at async module.exports (D:\node_modules\npm\lib\cli-entry.js:61:5) {
63 verbose audit error   headers: [Object: null prototype] {
63 verbose audit error     server: [ 'Tengine' ],
63 verbose audit error     date: [ 'Sat, 22 Feb 2025 04:11:20 GMT' ],
63 verbose audit error     'content-type': [ 'application/json' ],
63 verbose audit error     'transfer-encoding': [ 'chunked' ],
63 verbose audit error     connection: [ 'keep-alive' ],
63 verbose audit error     'strict-transport-security': [ 'max-age=5184000' ],
63 verbose audit error     via: [ 'kunlun13.cn5323[,404666]' ],
63 verbose audit error     'timing-allow-origin': [ '*' ],
63 verbose audit error     eagleid: [ '700f252b17401974804926239e' ],
63 verbose audit error     'x-fetch-attempts': [ '1' ]
63 verbose audit error   },
63 verbose audit error   statusCode: 404,
63 verbose audit error   code: 'E404',
63 verbose audit error   method: 'POST',
63 verbose audit error   uri: 'https://registry.npmmirror.com/-/npm/v1/security/audits/quick',
63 verbose audit error   body: {
63 verbose audit error     error: '[NOT_IMPLEMENTED] /-/npm/v1/security/* not implemented yet'
63 verbose audit error   },
63 verbose audit error   pkgid: undefined
63 verbose audit error }
64 silly audit error [object Object]
65 timing auditReport:getReport Completed in 103ms
66 silly audit report null
67 timing reify:audit Completed in 103ms
68 timing reify Completed in 763ms
69 timing command:install Completed in 766ms
70 verbose exit 0
71 timing npm Completed in 6772ms
72 info ok
